Using pre-set license
Built from '2021.3/release' branch; Version is '2021.3.17f1 (3e8111cac19d) revision 4096273'; Using compiler version '192829333'; Build Type 'Release'
OS: 'Windows 10  (10.0.19044) 64bit Core' Language: 'en' Physical Memory: 32699 MB
BatchMode: 1, IsHumanControllingUs: 0, StartBugReporterOnCrash: 0, Is64bit: 1, IsPro: 1

COMMAND LINE ARGUMENTS:
C:\Program Files\Unity\Hub\Editor\2021.3.17f1\Editor\Unity.exe
-adb2
-batchMode
-noUpm
-name
AssetImportWorker12
-projectPath
S:/Projects/GameJam2D
-logFile
Logs/AssetImportWorker12.log
-srvPort
56484
Successfully changed project path to: S:/Projects/GameJam2D
S:/Projects/GameJam2D
[UnityMemory] Configuration Parameters - Can be set up in boot.config
    "memorysetup-bucket-allocator-granularity=16"
    "memorysetup-bucket-allocator-bucket-count=8"
    "memorysetup-bucket-allocator-block-size=33554432"
    "memorysetup-bucket-allocator-block-count=8"
    "memorysetup-main-allocator-block-size=16777216"
    "memorysetup-thread-allocator-block-size=16777216"
    "memorysetup-gfx-main-allocator-block-size=16777216"
    "memorysetup-gfx-thread-allocator-block-size=16777216"
    "memorysetup-cache-allocator-block-size=4194304"
    "memorysetup-typetree-allocator-block-size=2097152"
    "memorysetup-profiler-bucket-allocator-granularity=16"
    "memorysetup-profiler-bucket-allocator-bucket-count=8"
    "memorysetup-profiler-bucket-allocator-block-size=33554432"
    "memorysetup-profiler-bucket-allocator-block-count=8"
    "memorysetup-profiler-allocator-block-size=16777216"
    "memorysetup-profiler-editor-allocator-block-size=1048576"
    "memorysetup-temp-allocator-size-main=16777216"
    "memorysetup-job-temp-allocator-block-size=2097152"
    "memorysetup-job-temp-allocator-block-size-background=1048576"
    "memorysetup-job-temp-allocator-reduction-small-platforms=262144"
    "memorysetup-temp-allocator-size-background-worker=32768"
    "memorysetup-temp-allocator-size-job-worker=262144"
    "memorysetup-temp-allocator-size-preload-manager=33554432"
    "memorysetup-temp-allocator-size-nav-mesh-worker=65536"
    "memorysetup-temp-allocator-size-audio-worker=65536"
    "memorysetup-temp-allocator-size-cloud-worker=32768"
    "memorysetup-temp-allocator-size-gi-baking-worker=262144"
    "memorysetup-temp-allocator-size-gfx=262144"
Player connection [40636] Host "[IP] 10.0.0.12 [Port] 0 [Flags] 2 [Guid] 985948838 [EditorId] 985948838 [Version] 1048832 [Id] WindowsEditor(7,DESKTOP-5KEKBFH) [Debug] 1 [PackageName] WindowsEditor [ProjectName] Editor" joined multi-casting on [225.0.0.222:54997]...

Player connection [40636] Host "[IP] 10.0.0.12 [Port] 0 [Flags] 2 [Guid] 985948838 [EditorId] 985948838 [Version] 1048832 [Id] WindowsEditor(7,DESKTOP-5KEKBFH) [Debug] 1 [PackageName] WindowsEditor [ProjectName] Editor" joined alternative multi-casting on [225.0.0.222:34997]...

Refreshing native plugins compatible for Editor in 149.45 ms, found 4 plugins.
Preloading 0 native plugins for Editor in 0.00 ms.
Initialize engine version: 2021.3.17f1 (3e8111cac19d)
[Subsystems] Discovering subsystems at path C:/Program Files/Unity/Hub/Editor/2021.3.17f1/Editor/Data/Resources/UnitySubsystems
[Subsystems] Discovering subsystems at path S:/Projects/GameJam2D/Assets
GfxDevice: creating device client; threaded=0; jobified=0
Direct3D:
    Version:  Direct3D 11.0 [level 11.1]
    Renderer: AMD Radeon RX 6600 (ID=0x73ff)
    Vendor:   ATI
    VRAM:     8147 MB
    Driver:   31.0.12029.10015
Initialize mono
Mono path[0] = 'C:/Program Files/Unity/Hub/Editor/2021.3.17f1/Editor/Data/Managed'
Mono path[1] = 'C:/Program Files/Unity/Hub/Editor/2021.3.17f1/Editor/Data/MonoBleedingEdge/lib/mono/unityjit-win32'
Mono config path = 'C:/Program Files/Unity/Hub/Editor/2021.3.17f1/Editor/Data/MonoBleedingEdge/etc'
Using monoOptions --debugger-agent=transport=dt_socket,embedding=1,server=y,suspend=n,address=127.0.0.1:56724
Begin MonoManager ReloadAssembly
Registering precompiled unity dll's ...
Register platform support module: C:/Program Files/Unity/Hub/Editor/2021.3.17f1/Editor/Data/PlaybackEngines/WebGLSupport/UnityEditor.WebGL.Extensions.dll
Register platform support module: C:/Program Files/Unity/Hub/Editor/2021.3.17f1/Editor/Data/PlaybackEngines/WindowsStandaloneSupport/UnityEditor.WindowsStandalone.Extensions.dll
Registered in 0.013047 seconds.
Native extension for WindowsStandalone target not found
Native extension for WebGL target not found
Refreshing native plugins compatible for Editor in 128.44 ms, found 4 plugins.
Preloading 0 native plugins for Editor in 0.00 ms.
Mono: successfully reloaded assembly
- Completed reload, in  0.835 seconds
Domain Reload Profiling:
	ReloadAssembly (835ms)
		BeginReloadAssembly (96ms)
			ExecutionOrderSort (0ms)
			DisableScriptedObjects (0ms)
			BackupInstance (0ms)
			ReleaseScriptingObjects (0ms)
			CreateAndSetChildDomain (1ms)
		EndReloadAssembly (590ms)
			LoadAssemblies (92ms)
			RebuildTransferFunctionScriptingTraits (0ms)
			SetupTypeCache (125ms)
			ReleaseScriptCaches (0ms)
			RebuildScriptCaches (36ms)
			SetupLoadedEditorAssemblies (366ms)
				LogAssemblyErrors (0ms)
				InitializePlatformSupportModulesInManaged (13ms)
				SetLoadedEditorAssemblies (0ms)
				RefreshPlugins (129ms)
				BeforeProcessingInitializeOnLoad (1ms)
				ProcessInitializeOnLoadAttributes (166ms)
				ProcessInitializeOnLoadMethodAttributes (57ms)
				AfterProcessingInitializeOnLoad (0ms)
				EditorAssembliesLoaded (0ms)
			ExecutionOrderSort2 (0ms)
			AwakeInstancesAfterBackupRestoration (0ms)
Platform modules already initialized, skipping
Registering precompiled user dll's ...
Registered in 0.007844 seconds.
Begin MonoManager ReloadAssembly
Symbol file LoadedFromMemory doesn't match image S:\Projects\GameJam2D\Library\PackageCache\com.unity.visualscripting@1.8.0\Editor\VisualScripting.Core\Dependencies\YamlDotNet\Unity.VisualScripting.YamlDotNet.dll
Symbol file LoadedFromMemory doesn't match image S:\Projects\GameJam2D\Library\PackageCache\com.unity.visualscripting@1.8.0\Editor\VisualScripting.Core\Dependencies\DotNetZip\Unity.VisualScripting.IonicZip.dll
Native extension for WindowsStandalone target not found
Native extension for WebGL target not found
Refreshing native plugins compatible for Editor in 124.36 ms, found 4 plugins.
Preloading 0 native plugins for Editor in 0.00 ms.
Mono: successfully reloaded assembly
- Completed reload, in  1.430 seconds
Domain Reload Profiling:
	ReloadAssembly (1431ms)
		BeginReloadAssembly (142ms)
			ExecutionOrderSort (0ms)
			DisableScriptedObjects (7ms)
			BackupInstance (0ms)
			ReleaseScriptingObjects (0ms)
			CreateAndSetChildDomain (19ms)
		EndReloadAssembly (1145ms)
			LoadAssemblies (105ms)
			RebuildTransferFunctionScriptingTraits (0ms)
			SetupTypeCache (308ms)
			ReleaseScriptCaches (1ms)
			RebuildScriptCaches (65ms)
			SetupLoadedEditorAssemblies (615ms)
				LogAssemblyErrors (0ms)
				InitializePlatformSupportModulesInManaged (8ms)
				SetLoadedEditorAssemblies (0ms)
				RefreshPlugins (124ms)
				BeforeProcessingInitializeOnLoad (124ms)
				ProcessInitializeOnLoadAttributes (297ms)
				ProcessInitializeOnLoadMethodAttributes (48ms)
				AfterProcessingInitializeOnLoad (14ms)
				EditorAssembliesLoaded (0ms)
			ExecutionOrderSort2 (0ms)
			AwakeInstancesAfterBackupRestoration (10ms)
Platform modules already initialized, skipping
========================================================================
Worker process is ready to serve import requests
Launched and connected shader compiler UnityShaderCompiler.exe after 0.06 seconds
Refreshing native plugins compatible for Editor in 0.95 ms, found 4 plugins.
Preloading 0 native plugins for Editor in 0.00 ms.
Unloading 4121 Unused Serialized files (Serialized files now loaded: 0)
Unloading 44 unused Assets / (228.8 KB). Loaded Objects now: 4574.
Memory consumption went from 154.9 MB to 154.7 MB.
Total: 3.800000 ms (FindLiveObjects: 0.347600 ms CreateObjectMapping: 0.107700 ms MarkObjects: 3.176000 ms  DeleteObjects: 0.167800 ms)

AssetImportParameters requested are different than current active one (requested -> active):
  custom:video-decoder-ogg-theora: a1e56fd34408186e4bbccfd4996cb3dc -> 
  custom:container-muxer-webm: aa71ff27fc2769a1b78a27578f13a17b -> 
  custom:container-demuxer-webm: 4f35f7cbe854078d1ac9338744f61a02 -> 
  custom:video-encoder-webm-vp8: eb34c28f22e8b96e1ab97ce403110664 -> 
  custom:audio-encoder-webm-vorbis: bf7c407c2cedff20999df2af8eb42d56 -> 
  custom:framework-win-MediaFoundation: 216162199b28c13a410421893ffa2e32 -> 
  custom:container-demuxer-ogg: 62fdf1f143b41e24485cea50d1cbac27 -> 
  custom:video-decoder-webm-vp8: 9c59270c3fd7afecdb556c50c9e8de78 -> 
  custom:audio-decoder-ogg-vorbis: bf7c407c2cedff20999df2af8eb42d56 -> 
========================================================================
Received Import Request.
  Time since last request: 513297.907854 seconds.
  path: Assets/Assets/PlatformerSet1/01 background.png
  artifactKey: Guid(543fff9c6bee69649a543666c301ca86) Importer(815301076,1909f56bfc062723c751e8b465ee728b)
Start importing Assets/Assets/PlatformerSet1/01 background.png using Guid(543fff9c6bee69649a543666c301ca86) Importer(815301076,1909f56bfc062723c751e8b465ee728b)  -> (artifact id: '29929865e682f12ca62e40f486af7d84') in 0.220084 seconds 
========================================================================
Received Prepare
Refreshing native plugins compatible for Editor in 5.67 ms, found 4 plugins.
Preloading 0 native plugins for Editor in 0.00 ms.
Unloading 31 Unused Serialized files (Serialized files now loaded: 0)
Unloading 31 unused Assets / (192.9 KB). Loaded Objects now: 4582.
Memory consumption went from 75.6 MB to 75.4 MB.
Total: 4.685500 ms (FindLiveObjects: 0.389600 ms CreateObjectMapping: 0.154700 ms MarkObjects: 3.986900 ms  DeleteObjects: 0.153400 ms)

AssetImportParameters requested are different than current active one (requested -> active):
  custom:video-decoder-ogg-theora: a1e56fd34408186e4bbccfd4996cb3dc -> 
  custom:container-muxer-webm: aa71ff27fc2769a1b78a27578f13a17b -> 
  custom:container-demuxer-webm: 4f35f7cbe854078d1ac9338744f61a02 -> 
  custom:video-encoder-webm-vp8: eb34c28f22e8b96e1ab97ce403110664 -> 
  custom:audio-encoder-webm-vorbis: bf7c407c2cedff20999df2af8eb42d56 -> 
  custom:framework-win-MediaFoundation: 216162199b28c13a410421893ffa2e32 -> 
  custom:container-demuxer-ogg: 62fdf1f143b41e24485cea50d1cbac27 -> 
  custom:video-decoder-webm-vp8: 9c59270c3fd7afecdb556c50c9e8de78 -> 
  custom:audio-decoder-ogg-vorbis: bf7c407c2cedff20999df2af8eb42d56 -> 
========================================================================
Received Prepare
Refreshing native plugins compatible for Editor in 7.10 ms, found 4 plugins.
Preloading 0 native plugins for Editor in 0.00 ms.
Unloading 31 Unused Serialized files (Serialized files now loaded: 0)
Unloading 31 unused Assets / (192.9 KB). Loaded Objects now: 4582.
Memory consumption went from 75.6 MB to 75.4 MB.
Total: 9.216000 ms (FindLiveObjects: 0.354600 ms CreateObjectMapping: 0.153000 ms MarkObjects: 8.413000 ms  DeleteObjects: 0.294000 ms)

AssetImportParameters requested are different than current active one (requested -> active):
  custom:video-decoder-ogg-theora: a1e56fd34408186e4bbccfd4996cb3dc -> 
  custom:container-muxer-webm: aa71ff27fc2769a1b78a27578f13a17b -> 
  custom:container-demuxer-webm: 4f35f7cbe854078d1ac9338744f61a02 -> 
  custom:video-encoder-webm-vp8: eb34c28f22e8b96e1ab97ce403110664 -> 
  custom:audio-encoder-webm-vorbis: bf7c407c2cedff20999df2af8eb42d56 -> 
  custom:framework-win-MediaFoundation: 216162199b28c13a410421893ffa2e32 -> 
  custom:container-demuxer-ogg: 62fdf1f143b41e24485cea50d1cbac27 -> 
  custom:video-decoder-webm-vp8: 9c59270c3fd7afecdb556c50c9e8de78 -> 
  custom:audio-decoder-ogg-vorbis: bf7c407c2cedff20999df2af8eb42d56 -> 
========================================================================
Received Prepare
Refreshing native plugins compatible for Editor in 6.11 ms, found 4 plugins.
Preloading 0 native plugins for Editor in 0.00 ms.
Unloading 31 Unused Serialized files (Serialized files now loaded: 0)
Unloading 31 unused Assets / (193.0 KB). Loaded Objects now: 4582.
Memory consumption went from 75.6 MB to 75.4 MB.
Total: 4.802600 ms (FindLiveObjects: 0.393100 ms CreateObjectMapping: 0.171700 ms MarkObjects: 4.034600 ms  DeleteObjects: 0.202100 ms)

AssetImportParameters requested are different than current active one (requested -> active):
  custom:video-decoder-ogg-theora: a1e56fd34408186e4bbccfd4996cb3dc -> 
  custom:container-muxer-webm: aa71ff27fc2769a1b78a27578f13a17b -> 
  custom:container-demuxer-webm: 4f35f7cbe854078d1ac9338744f61a02 -> 
  custom:video-encoder-webm-vp8: eb34c28f22e8b96e1ab97ce403110664 -> 
  custom:audio-encoder-webm-vorbis: bf7c407c2cedff20999df2af8eb42d56 -> 
  custom:framework-win-MediaFoundation: 216162199b28c13a410421893ffa2e32 -> 
  custom:container-demuxer-ogg: 62fdf1f143b41e24485cea50d1cbac27 -> 
  custom:video-decoder-webm-vp8: 9c59270c3fd7afecdb556c50c9e8de78 -> 
  custom:audio-decoder-ogg-vorbis: bf7c407c2cedff20999df2af8eb42d56 -> 
========================================================================
Received Import Request.
  Time since last request: 4178.130616 seconds.
  path: Assets/Scenes/MainGame.unity
  artifactKey: Guid(091aa2b4f02d227468f9e7e101e6e941) Importer(815301076,1909f56bfc062723c751e8b465ee728b)
Start importing Assets/Scenes/MainGame.unity using Guid(091aa2b4f02d227468f9e7e101e6e941) Importer(815301076,1909f56bfc062723c751e8b465ee728b)  -> (artifact id: 'c49d28f5093e8098e0a98fb59c46b500') in 2.701656 seconds 
========================================================================
Received Import Request.
  Time since last request: 1778.101286 seconds.
  path: Assets/Scenes/MainGame.unity
  artifactKey: Guid(091aa2b4f02d227468f9e7e101e6e941) Importer(815301076,1909f56bfc062723c751e8b465ee728b)
Start importing Assets/Scenes/MainGame.unity using Guid(091aa2b4f02d227468f9e7e101e6e941) Importer(815301076,1909f56bfc062723c751e8b465ee728b)  -> (artifact id: 'e2aa43ec22710610714f989b0b13fc9e') in 0.007366 seconds 
========================================================================
Received Prepare
Registering precompiled user dll's ...
Registered in 0.009570 seconds.
Begin MonoManager ReloadAssembly
Symbol file LoadedFromMemory doesn't match image S:\Projects\GameJam2D\Library\PackageCache\com.unity.visualscripting@1.8.0\Editor\VisualScripting.Core\Dependencies\YamlDotNet\Unity.VisualScripting.YamlDotNet.dll
Symbol file LoadedFromMemory doesn't match image S:\Projects\GameJam2D\Library\PackageCache\com.unity.visualscripting@1.8.0\Editor\VisualScripting.Core\Dependencies\DotNetZip\Unity.VisualScripting.IonicZip.dll
Native extension for WindowsStandalone target not found
Native extension for WebGL target not found
Refreshing native plugins compatible for Editor in 1.11 ms, found 4 plugins.
Preloading 0 native plugins for Editor in 0.00 ms.
Mono: successfully reloaded assembly
- Completed reload, in  1.683 seconds
Domain Reload Profiling:
	ReloadAssembly (1684ms)
		BeginReloadAssembly (319ms)
			ExecutionOrderSort (0ms)
			DisableScriptedObjects (21ms)
			BackupInstance (0ms)
			ReleaseScriptingObjects (0ms)
			CreateAndSetChildDomain (136ms)
		EndReloadAssembly (1202ms)
			LoadAssemblies (148ms)
			RebuildTransferFunctionScriptingTraits (0ms)
			SetupTypeCache (394ms)
			ReleaseScriptCaches (2ms)
			RebuildScriptCaches (70ms)
			SetupLoadedEditorAssemblies (546ms)
				LogAssemblyErrors (0ms)
				InitializePlatformSupportModulesInManaged (25ms)
				SetLoadedEditorAssemblies (1ms)
				RefreshPlugins (1ms)
				BeforeProcessingInitializeOnLoad (118ms)
				ProcessInitializeOnLoadAttributes (326ms)
				ProcessInitializeOnLoadMethodAttributes (58ms)
				AfterProcessingInitializeOnLoad (17ms)
				EditorAssembliesLoaded (0ms)
			ExecutionOrderSort2 (0ms)
			AwakeInstancesAfterBackupRestoration (15ms)
Platform modules already initialized, skipping
Refreshing native plugins compatible for Editor in 3.48 ms, found 4 plugins.
Preloading 0 native plugins for Editor in 0.00 ms.
Unloading 4102 Unused Serialized files (Serialized files now loaded: 0)
Unloading 31 unused Assets / (195.8 KB). Loaded Objects now: 4584.
Memory consumption went from 157.4 MB to 157.2 MB.
Total: 4.833400 ms (FindLiveObjects: 0.309400 ms CreateObjectMapping: 0.127100 ms MarkObjects: 4.221300 ms  DeleteObjects: 0.174000 ms)

AssetImportParameters requested are different than current active one (requested -> active):
  custom:video-decoder-ogg-theora: a1e56fd34408186e4bbccfd4996cb3dc -> 
  custom:container-muxer-webm: aa71ff27fc2769a1b78a27578f13a17b -> 
  custom:container-demuxer-webm: 4f35f7cbe854078d1ac9338744f61a02 -> 
  custom:video-encoder-webm-vp8: eb34c28f22e8b96e1ab97ce403110664 -> 
  custom:audio-encoder-webm-vorbis: bf7c407c2cedff20999df2af8eb42d56 -> 
  custom:framework-win-MediaFoundation: 216162199b28c13a410421893ffa2e32 -> 
  custom:container-demuxer-ogg: 62fdf1f143b41e24485cea50d1cbac27 -> 
  custom:video-decoder-webm-vp8: 9c59270c3fd7afecdb556c50c9e8de78 -> 
  custom:audio-decoder-ogg-vorbis: bf7c407c2cedff20999df2af8eb42d56 -> 
========================================================================
Received Prepare
Registering precompiled user dll's ...
Registered in 0.007745 seconds.
Begin MonoManager ReloadAssembly
Symbol file LoadedFromMemory doesn't match image S:\Projects\GameJam2D\Library\PackageCache\com.unity.visualscripting@1.8.0\Editor\VisualScripting.Core\Dependencies\YamlDotNet\Unity.VisualScripting.YamlDotNet.dll
Symbol file LoadedFromMemory doesn't match image S:\Projects\GameJam2D\Library\PackageCache\com.unity.visualscripting@1.8.0\Editor\VisualScripting.Core\Dependencies\DotNetZip\Unity.VisualScripting.IonicZip.dll
Native extension for WindowsStandalone target not found
Native extension for WebGL target not found
Refreshing native plugins compatible for Editor in 1.33 ms, found 4 plugins.
Preloading 0 native plugins for Editor in 0.00 ms.
Mono: successfully reloaded assembly
- Completed reload, in  1.508 seconds
Domain Reload Profiling:
	ReloadAssembly (1508ms)
		BeginReloadAssembly (162ms)
			ExecutionOrderSort (0ms)
			DisableScriptedObjects (9ms)
			BackupInstance (0ms)
			ReleaseScriptingObjects (0ms)
			CreateAndSetChildDomain (41ms)
		EndReloadAssembly (1203ms)
			LoadAssemblies (117ms)
			RebuildTransferFunctionScriptingTraits (0ms)
			SetupTypeCache (356ms)
			ReleaseScriptCaches (2ms)
			RebuildScriptCaches (69ms)
			SetupLoadedEditorAssemblies (580ms)
				LogAssemblyErrors (0ms)
				InitializePlatformSupportModulesInManaged (25ms)
				SetLoadedEditorAssemblies (1ms)
				RefreshPlugins (1ms)
				BeforeProcessingInitializeOnLoad (119ms)
				ProcessInitializeOnLoadAttributes (352ms)
				ProcessInitializeOnLoadMethodAttributes (62ms)
				AfterProcessingInitializeOnLoad (20ms)
				EditorAssembliesLoaded (0ms)
			ExecutionOrderSort2 (0ms)
			AwakeInstancesAfterBackupRestoration (18ms)
Platform modules already initialized, skipping
Refreshing native plugins compatible for Editor in 3.59 ms, found 4 plugins.
Preloading 0 native plugins for Editor in 0.00 ms.
Unloading 4102 Unused Serialized files (Serialized files now loaded: 0)
Unloading 31 unused Assets / (195.8 KB). Loaded Objects now: 4587.
Memory consumption went from 157.4 MB to 157.2 MB.
Total: 3.940800 ms (FindLiveObjects: 0.320500 ms CreateObjectMapping: 0.099100 ms MarkObjects: 3.329300 ms  DeleteObjects: 0.190600 ms)

AssetImportParameters requested are different than current active one (requested -> active):
  custom:video-decoder-ogg-theora: a1e56fd34408186e4bbccfd4996cb3dc -> 
  custom:container-muxer-webm: aa71ff27fc2769a1b78a27578f13a17b -> 
  custom:container-demuxer-webm: 4f35f7cbe854078d1ac9338744f61a02 -> 
  custom:video-encoder-webm-vp8: eb34c28f22e8b96e1ab97ce403110664 -> 
  custom:audio-encoder-webm-vorbis: bf7c407c2cedff20999df2af8eb42d56 -> 
  custom:framework-win-MediaFoundation: 216162199b28c13a410421893ffa2e32 -> 
  custom:container-demuxer-ogg: 62fdf1f143b41e24485cea50d1cbac27 -> 
  custom:video-decoder-webm-vp8: 9c59270c3fd7afecdb556c50c9e8de78 -> 
  custom:audio-decoder-ogg-vorbis: bf7c407c2cedff20999df2af8eb42d56 -> 
========================================================================
Received Prepare
Registering precompiled user dll's ...
Registered in 0.007933 seconds.
Begin MonoManager ReloadAssembly
Symbol file LoadedFromMemory doesn't match image S:\Projects\GameJam2D\Library\PackageCache\com.unity.visualscripting@1.8.0\Editor\VisualScripting.Core\Dependencies\YamlDotNet\Unity.VisualScripting.YamlDotNet.dll
Symbol file LoadedFromMemory doesn't match image S:\Projects\GameJam2D\Library\PackageCache\com.unity.visualscripting@1.8.0\Editor\VisualScripting.Core\Dependencies\DotNetZip\Unity.VisualScripting.IonicZip.dll
Native extension for WindowsStandalone target not found
Native extension for WebGL target not found
Refreshing native plugins compatible for Editor in 1.76 ms, found 4 plugins.
Preloading 0 native plugins for Editor in 0.00 ms.
Mono: successfully reloaded assembly
- Completed reload, in  1.438 seconds
Domain Reload Profiling:
	ReloadAssembly (1439ms)
		BeginReloadAssembly (167ms)
			ExecutionOrderSort (0ms)
			DisableScriptedObjects (9ms)
			BackupInstance (0ms)
			ReleaseScriptingObjects (0ms)
			CreateAndSetChildDomain (38ms)
		EndReloadAssembly (1118ms)
			LoadAssemblies (115ms)
			RebuildTransferFunctionScriptingTraits (0ms)
			SetupTypeCache (329ms)
			ReleaseScriptCaches (2ms)
			RebuildScriptCaches (66ms)
			SetupLoadedEditorAssemblies (529ms)
				LogAssemblyErrors (0ms)
				InitializePlatformSupportModulesInManaged (25ms)
				SetLoadedEditorAssemblies (1ms)
				RefreshPlugins (2ms)
				BeforeProcessingInitializeOnLoad (111ms)
				ProcessInitializeOnLoadAttributes (318ms)
				ProcessInitializeOnLoadMethodAttributes (53ms)
				AfterProcessingInitializeOnLoad (19ms)
				EditorAssembliesLoaded (0ms)
			ExecutionOrderSort2 (0ms)
			AwakeInstancesAfterBackupRestoration (14ms)
Platform modules already initialized, skipping
Refreshing native plugins compatible for Editor in 5.42 ms, found 4 plugins.
Preloading 0 native plugins for Editor in 0.00 ms.
Unloading 4102 Unused Serialized files (Serialized files now loaded: 0)
Unloading 31 unused Assets / (196.7 KB). Loaded Objects now: 4590.
Memory consumption went from 157.4 MB to 157.2 MB.
Total: 4.385200 ms (FindLiveObjects: 0.407400 ms CreateObjectMapping: 0.151800 ms MarkObjects: 3.620600 ms  DeleteObjects: 0.204100 ms)

AssetImportParameters requested are different than current active one (requested -> active):
  custom:video-decoder-ogg-theora: a1e56fd34408186e4bbccfd4996cb3dc -> 
  custom:container-muxer-webm: aa71ff27fc2769a1b78a27578f13a17b -> 
  custom:container-demuxer-webm: 4f35f7cbe854078d1ac9338744f61a02 -> 
  custom:video-encoder-webm-vp8: eb34c28f22e8b96e1ab97ce403110664 -> 
  custom:audio-encoder-webm-vorbis: bf7c407c2cedff20999df2af8eb42d56 -> 
  custom:framework-win-MediaFoundation: 216162199b28c13a410421893ffa2e32 -> 
  custom:container-demuxer-ogg: 62fdf1f143b41e24485cea50d1cbac27 -> 
  custom:video-decoder-webm-vp8: 9c59270c3fd7afecdb556c50c9e8de78 -> 
  custom:audio-decoder-ogg-vorbis: bf7c407c2cedff20999df2af8eb42d56 -> 
========================================================================
Received Import Request.
  Time since last request: 700.045156 seconds.
  path: Assets/Stomper Artwork
  artifactKey: Guid(89332d3ea1f87e24e9ef47d636f72548) Importer(815301076,1909f56bfc062723c751e8b465ee728b)
Start importing Assets/Stomper Artwork using Guid(89332d3ea1f87e24e9ef47d636f72548) Importer(815301076,1909f56bfc062723c751e8b465ee728b)  -> (artifact id: '91dd9f42417ecd1f6d2f1e43df7a1e4d') in 0.016086 seconds 
========================================================================
Received Import Request.
  Time since last request: 4.750538 seconds.
  path: Assets/Assets/Stomper Artwork/PixelArt
  artifactKey: Guid(31a2ea06a7a5e40bdaaa698c4e803c9c) Importer(815301076,1909f56bfc062723c751e8b465ee728b)
Start importing Assets/Assets/Stomper Artwork/PixelArt using Guid(31a2ea06a7a5e40bdaaa698c4e803c9c) Importer(815301076,1909f56bfc062723c751e8b465ee728b)  -> (artifact id: '7086f8aa895ce5a9f20d647625c4fb7b') in 0.007958 seconds 
========================================================================
Received Import Request.
  Time since last request: 2.238571 seconds.
  path: Assets/Assets/Stomper Artwork/Scenes
  artifactKey: Guid(3ba5a3d8500da4ed6a6e6f9c13e33308) Importer(815301076,1909f56bfc062723c751e8b465ee728b)
Start importing Assets/Assets/Stomper Artwork/Scenes using Guid(3ba5a3d8500da4ed6a6e6f9c13e33308) Importer(815301076,1909f56bfc062723c751e8b465ee728b)  -> (artifact id: '9601b64e97e6f7dd49dc8b233014d5c5') in 0.006893 seconds 
========================================================================
Received Import Request.
  Time since last request: 3.188661 seconds.
  path: Assets/Assets/Stomper Artwork/Scenes/Demo.unity
  artifactKey: Guid(116954394b33f47ff9a3f8839bf99097) Importer(815301076,1909f56bfc062723c751e8b465ee728b)
Start importing Assets/Assets/Stomper Artwork/Scenes/Demo.unity using Guid(116954394b33f47ff9a3f8839bf99097) Importer(815301076,1909f56bfc062723c751e8b465ee728b)  -> (artifact id: '2a57dc7b9e55ea2968766ca61614f4c8') in 0.007136 seconds 
========================================================================
Received Import Request.
  Time since last request: 28.944584 seconds.
  path: Assets/Scenes/MainGame.unity
  artifactKey: Guid(091aa2b4f02d227468f9e7e101e6e941) Importer(815301076,1909f56bfc062723c751e8b465ee728b)
Start importing Assets/Scenes/MainGame.unity using Guid(091aa2b4f02d227468f9e7e101e6e941) Importer(815301076,1909f56bfc062723c751e8b465ee728b)  -> (artifact id: '9984863361783f859b0d786bc7fa67c5') in 0.002744 seconds 
========================================================================
Received Import Request.
  Time since last request: 9.425665 seconds.
  path: Assets/Assets/Stomper Artwork/PixelArt/environment
  artifactKey: Guid(8adf575c7c9bd4ef289ab2010cc6121d) Importer(815301076,1909f56bfc062723c751e8b465ee728b)
Start importing Assets/Assets/Stomper Artwork/PixelArt/environment using Guid(8adf575c7c9bd4ef289ab2010cc6121d) Importer(815301076,1909f56bfc062723c751e8b465ee728b)  -> (artifact id: '1446ac00ebe78e9241cce23f861232fe') in 0.006684 seconds 
========================================================================
Received Import Request.
  Time since last request: 0.077774 seconds.
  path: Assets/Assets/Stomper Artwork/PixelArt/environment/brick.png
  artifactKey: Guid(a934ff39dd3bc4058bcf1ef115508bc0) Importer(815301076,1909f56bfc062723c751e8b465ee728b)
Start importing Assets/Assets/Stomper Artwork/PixelArt/environment/brick.png using Guid(a934ff39dd3bc4058bcf1ef115508bc0) Importer(815301076,1909f56bfc062723c751e8b465ee728b)  -> (artifact id: '90c9cc7df88e80eed09805b69232c140') in 0.065638 seconds 
========================================================================
Received Import Request.
  Time since last request: 0.000051 seconds.
  path: Assets/Assets/Stomper Artwork/PixelArt/environment/spikes.png
  artifactKey: Guid(2739108c49f9a4ecf84fac4e1d8857ec) Importer(815301076,1909f56bfc062723c751e8b465ee728b)
Start importing Assets/Assets/Stomper Artwork/PixelArt/environment/spikes.png using Guid(2739108c49f9a4ecf84fac4e1d8857ec) Importer(815301076,1909f56bfc062723c751e8b465ee728b)  -> (artifact id: '0b0c61fe676423c8ccd62f160a0826ec') in 0.016533 seconds 
========================================================================
Received Import Request.
  Time since last request: 1.875418 seconds.
  path: Assets/Assets/Stomper Artwork/PixelArt/environment/layers
  artifactKey: Guid(4e8508aa092ee46498e2a9b0aa52f248) Importer(815301076,1909f56bfc062723c751e8b465ee728b)
Start importing Assets/Assets/Stomper Artwork/PixelArt/environment/layers using Guid(4e8508aa092ee46498e2a9b0aa52f248) Importer(815301076,1909f56bfc062723c751e8b465ee728b)  -> (artifact id: '0bc2abfc983d8243cfd029d2dddc0916') in 0.006874 seconds 
========================================================================
Received Import Request.
  Time since last request: 0.036065 seconds.
  path: Assets/Assets/Stomper Artwork/PixelArt/environment/layers/back.png
  artifactKey: Guid(6013f11a95dcd466ab6453277532bd41) Importer(815301076,1909f56bfc062723c751e8b465ee728b)
Start importing Assets/Assets/Stomper Artwork/PixelArt/environment/layers/back.png using Guid(6013f11a95dcd466ab6453277532bd41) Importer(815301076,1909f56bfc062723c751e8b465ee728b)  -> (artifact id: '571b63227c7833bf2c47c9a875d5383b') in 0.015309 seconds 
========================================================================
Received Import Request.
  Time since last request: 0.000031 seconds.
  path: Assets/Assets/Stomper Artwork/PixelArt/environment/layers/tileset.png
  artifactKey: Guid(e18eac11ce6cd4262a5c373ec2656d80) Importer(815301076,1909f56bfc062723c751e8b465ee728b)
Start importing Assets/Assets/Stomper Artwork/PixelArt/environment/layers/tileset.png using Guid(e18eac11ce6cd4262a5c373ec2656d80) Importer(815301076,1909f56bfc062723c751e8b465ee728b)  -> (artifact id: '18e4b1d3300e90b635daa30d7ab1c3c3') in 0.016213 seconds 
========================================================================
Received Import Request.
  Time since last request: 24.697765 seconds.
  path: Assets/Assets/Stomper Artwork/PixelArt/Flying Enemy
  artifactKey: Guid(43b4a251d493748399c66ad054093161) Importer(815301076,1909f56bfc062723c751e8b465ee728b)
Start importing Assets/Assets/Stomper Artwork/PixelArt/Flying Enemy using Guid(43b4a251d493748399c66ad054093161) Importer(815301076,1909f56bfc062723c751e8b465ee728b)  -> (artifact id: '7468e2a02ce3832dfe583021ac916dc8') in 0.006518 seconds 
========================================================================
Received Import Request.
  Time since last request: 0.038376 seconds.
  path: Assets/Assets/Stomper Artwork/PixelArt/Flying Enemy/flying1.png
  artifactKey: Guid(4c980c882a17d407fb74b2e37bdb1c39) Importer(815301076,1909f56bfc062723c751e8b465ee728b)
Start importing Assets/Assets/Stomper Artwork/PixelArt/Flying Enemy/flying1.png using Guid(4c980c882a17d407fb74b2e37bdb1c39) Importer(815301076,1909f56bfc062723c751e8b465ee728b)  -> (artifact id: 'e1bfb96e0470386e7a87fdd7cf6add72') in 0.017121 seconds 
========================================================================
Received Import Request.
  Time since last request: 0.000032 seconds.
  path: Assets/Assets/Stomper Artwork/PixelArt/Flying Enemy/flying3.png
  artifactKey: Guid(1ff01ae5922a449e99a2cc9a5a4a17e3) Importer(815301076,1909f56bfc062723c751e8b465ee728b)
Start importing Assets/Assets/Stomper Artwork/PixelArt/Flying Enemy/flying3.png using Guid(1ff01ae5922a449e99a2cc9a5a4a17e3) Importer(815301076,1909f56bfc062723c751e8b465ee728b)  -> (artifact id: '2601c88876b917e958082d69a134f1f3') in 0.015887 seconds 
========================================================================
Received Import Request.
  Time since last request: 0.000036 seconds.
  path: Assets/Assets/Stomper Artwork/PixelArt/Flying Enemy/flying4.png
  artifactKey: Guid(6efa9a945fa88437a9e787a53237d5e1) Importer(815301076,1909f56bfc062723c751e8b465ee728b)
Start importing Assets/Assets/Stomper Artwork/PixelArt/Flying Enemy/flying4.png using Guid(6efa9a945fa88437a9e787a53237d5e1) Importer(815301076,1909f56bfc062723c751e8b465ee728b)  -> (artifact id: 'c3cacbce7829694cdb46771ac41e51b5') in 0.017224 seconds 
========================================================================
Received Import Request.
  Time since last request: 3.051205 seconds.
  path: Assets/Assets/Stomper Artwork/PixelArt/Player
  artifactKey: Guid(a24baf02a287c44b9ab34df8a5355440) Importer(815301076,1909f56bfc062723c751e8b465ee728b)
Start importing Assets/Assets/Stomper Artwork/PixelArt/Player using Guid(a24baf02a287c44b9ab34df8a5355440) Importer(815301076,1909f56bfc062723c751e8b465ee728b)  -> (artifact id: 'e31e2db1a0681d5f6c4e71c2fc3b9788') in 0.007390 seconds 
========================================================================
Received Import Request.
  Time since last request: 0.025319 seconds.
  path: Assets/Assets/Stomper Artwork/PixelArt/Player/wall.png
  artifactKey: Guid(957980402e780429c9553adac3f6cd1c) Importer(815301076,1909f56bfc062723c751e8b465ee728b)
Start importing Assets/Assets/Stomper Artwork/PixelArt/Player/wall.png using Guid(957980402e780429c9553adac3f6cd1c) Importer(815301076,1909f56bfc062723c751e8b465ee728b)  -> (artifact id: '246bce301e2f4c1550f92e2f225dd66e') in 0.013102 seconds 
========================================================================
Received Import Request.
  Time since last request: 3.894028 seconds.
  path: Assets/Assets/Stomper Artwork/PixelArt/Walking Enemy
  artifactKey: Guid(a22ec78c0a7684128bb84817fe0763e2) Importer(815301076,1909f56bfc062723c751e8b465ee728b)
Start importing Assets/Assets/Stomper Artwork/PixelArt/Walking Enemy using Guid(a22ec78c0a7684128bb84817fe0763e2) Importer(815301076,1909f56bfc062723c751e8b465ee728b)  -> (artifact id: '00b21abfd3d868e7a2483dd5e22face0') in 0.007018 seconds 
========================================================================
Received Import Request.
  Time since last request: 0.055917 seconds.
  path: Assets/Assets/Stomper Artwork/PixelArt/Walking Enemy/idle.png
  artifactKey: Guid(99370be885ff94b3e8a882400246fa91) Importer(815301076,1909f56bfc062723c751e8b465ee728b)
Start importing Assets/Assets/Stomper Artwork/PixelArt/Walking Enemy/idle.png using Guid(99370be885ff94b3e8a882400246fa91) Importer(815301076,1909f56bfc062723c751e8b465ee728b)  -> (artifact id: 'e6981c34da5c43953568b5e119d823dc') in 0.017811 seconds 
========================================================================
Received Import Request.
  Time since last request: 0.000053 seconds.
  path: Assets/Assets/Stomper Artwork/PixelArt/Walking Enemy/walk4.png
  artifactKey: Guid(476f873e5df834836a97b1cfd87b81d4) Importer(815301076,1909f56bfc062723c751e8b465ee728b)
Start importing Assets/Assets/Stomper Artwork/PixelArt/Walking Enemy/walk4.png using Guid(476f873e5df834836a97b1cfd87b81d4) Importer(815301076,1909f56bfc062723c751e8b465ee728b)  -> (artifact id: '5a2b785c2ce67135e62db3c851611bed') in 0.018251 seconds 
========================================================================
Received Import Request.
  Time since last request: 0.000033 seconds.
  path: Assets/Assets/Stomper Artwork/PixelArt/Walking Enemy/walk2.png
  artifactKey: Guid(7fc720fde239749cca9f59c68f538a79) Importer(815301076,1909f56bfc062723c751e8b465ee728b)
Start importing Assets/Assets/Stomper Artwork/PixelArt/Walking Enemy/walk2.png using Guid(7fc720fde239749cca9f59c68f538a79) Importer(815301076,1909f56bfc062723c751e8b465ee728b)  -> (artifact id: '01a4970512a267a1dcf5cc41e8a0e089') in 0.017175 seconds 
========================================================================
Received Import Request.
  Time since last request: 10.983138 seconds.
  path: Assets/Assets/Stomper Artwork/PixelArt/Walking Enemy/stunt2 (2).controller
  artifactKey: Guid(655b9a73b4a45448297eafa8158d87b5) Importer(815301076,1909f56bfc062723c751e8b465ee728b)
Start importing Assets/Assets/Stomper Artwork/PixelArt/Walking Enemy/stunt2 (2).controller using Guid(655b9a73b4a45448297eafa8158d87b5) Importer(815301076,1909f56bfc062723c751e8b465ee728b)  -> (artifact id: 'c5a63bfeb521511310aae95eefc8b956') in 0.014557 seconds 
========================================================================
Received Import Request.
  Time since last request: 0.944018 seconds.
  path: Assets/Assets/Stomper Artwork/PixelArt/Walking Enemy/walk1 (1).controller
  artifactKey: Guid(ec18d07450f9748489f09bcf333e34e1) Importer(815301076,1909f56bfc062723c751e8b465ee728b)
Start importing Assets/Assets/Stomper Artwork/PixelArt/Walking Enemy/walk1 (1).controller using Guid(ec18d07450f9748489f09bcf333e34e1) Importer(815301076,1909f56bfc062723c751e8b465ee728b)  -> (artifact id: 'd042e62fc8f50cb8167d51812319cfed') in 0.009822 seconds 
========================================================================
Received Import Request.
  Time since last request: 9.049512 seconds.
  path: Assets/Assets/Stomper Artwork/Audio
  artifactKey: Guid(c56d0d94ad12c4adfb375bbb57cf5366) Importer(815301076,1909f56bfc062723c751e8b465ee728b)
Start importing Assets/Assets/Stomper Artwork/Audio using Guid(c56d0d94ad12c4adfb375bbb57cf5366) Importer(815301076,1909f56bfc062723c751e8b465ee728b)  -> (artifact id: '17c462afa49bf2c1c83471512198b459') in 0.009095 seconds 
========================================================================
Received Import Request.
  Time since last request: 0.049118 seconds.
  path: Assets/Assets/Stomper Artwork/Audio/musicbox.wav
  artifactKey: Guid(992a4e4ce5cf8402fa6b371442dcfae5) Importer(815301076,1909f56bfc062723c751e8b465ee728b)
Start importing Assets/Assets/Stomper Artwork/Audio/musicbox.wav using Guid(992a4e4ce5cf8402fa6b371442dcfae5) Importer(815301076,1909f56bfc062723c751e8b465ee728b)  -> (artifact id: '36fdc0b39fdb236e14d62a6ccf086d48') in 0.117513 seconds 
========================================================================
Received Import Request.
  Time since last request: 3.059318 seconds.
  path: Assets/Assets/Stomper Artwork/PixelArt/Walking Enemy Small
  artifactKey: Guid(c22433fc55ca7424e880d12b57230538) Importer(815301076,1909f56bfc062723c751e8b465ee728b)
Start importing Assets/Assets/Stomper Artwork/PixelArt/Walking Enemy Small using Guid(c22433fc55ca7424e880d12b57230538) Importer(815301076,1909f56bfc062723c751e8b465ee728b)  -> (artifact id: '7e86f0cb752721bb6aa3ec882bf5e377') in 0.009544 seconds 
========================================================================
Received Import Request.
  Time since last request: 0.031421 seconds.
  path: Assets/Assets/Stomper Artwork/PixelArt/Walking Enemy Small/walker-small1.png
  artifactKey: Guid(60f97098ca8464d2da341a88bd993f97) Importer(815301076,1909f56bfc062723c751e8b465ee728b)
Start importing Assets/Assets/Stomper Artwork/PixelArt/Walking Enemy Small/walker-small1.png using Guid(60f97098ca8464d2da341a88bd993f97) Importer(815301076,1909f56bfc062723c751e8b465ee728b)  -> (artifact id: 'f7de61e891db1f6b2ffa241222022610') in 0.014285 seconds 
========================================================================
Received Import Request.
  Time since last request: 0.000034 seconds.
  path: Assets/Assets/Stomper Artwork/PixelArt/Walking Enemy Small/walker-small5.png
  artifactKey: Guid(6d59ca1c407104b4c9c8da1e4899bb95) Importer(815301076,1909f56bfc062723c751e8b465ee728b)
Start importing Assets/Assets/Stomper Artwork/PixelArt/Walking Enemy Small/walker-small5.png using Guid(6d59ca1c407104b4c9c8da1e4899bb95) Importer(815301076,1909f56bfc062723c751e8b465ee728b)  -> (artifact id: '9b42dc99dd81e01e7a69e693aef44b11') in 0.014266 seconds 
========================================================================
Received Import Request.
  Time since last request: 5.284639 seconds.
  path: Assets/Assets/Stomper Artwork/PixelArt/Walking Enemy Small/walker-small1 (1).controller
  artifactKey: Guid(c2dd69b6a73214ba8b1f80684f3fc8c5) Importer(815301076,1909f56bfc062723c751e8b465ee728b)
Start importing Assets/Assets/Stomper Artwork/PixelArt/Walking Enemy Small/walker-small1 (1).controller using Guid(c2dd69b6a73214ba8b1f80684f3fc8c5) Importer(815301076,1909f56bfc062723c751e8b465ee728b)  -> (artifact id: 'ba3ff8f5551ccb0fec6d915f2b5553b2') in 0.008621 seconds 
========================================================================
Received Import Request.
  Time since last request: 1.072670 seconds.
  path: Assets/Assets/Stomper Artwork/PixelArt/Walking Enemy Small/small enemy walking animation.anim
  artifactKey: Guid(a996dee6f0eb74c498c44018312344b3) Importer(815301076,1909f56bfc062723c751e8b465ee728b)
Start importing Assets/Assets/Stomper Artwork/PixelArt/Walking Enemy Small/small enemy walking animation.anim using Guid(a996dee6f0eb74c498c44018312344b3) Importer(815301076,1909f56bfc062723c751e8b465ee728b)  -> (artifact id: '0df30a9ab90624ccee26d8a856f1f9e3') in 0.011071 seconds 
========================================================================
Received Prepare
Registering precompiled user dll's ...
Registered in 0.009660 seconds.
Begin MonoManager ReloadAssembly
Symbol file LoadedFromMemory doesn't match image S:\Projects\GameJam2D\Library\PackageCache\com.unity.visualscripting@1.8.0\Editor\VisualScripting.Core\Dependencies\YamlDotNet\Unity.VisualScripting.YamlDotNet.dll
Symbol file LoadedFromMemory doesn't match image S:\Projects\GameJam2D\Library\PackageCache\com.unity.visualscripting@1.8.0\Editor\VisualScripting.Core\Dependencies\DotNetZip\Unity.VisualScripting.IonicZip.dll
Native extension for WindowsStandalone target not found
Native extension for WebGL target not found
Refreshing native plugins compatible for Editor in 1.29 ms, found 4 plugins.
Preloading 0 native plugins for Editor in 0.00 ms.
Mono: successfully reloaded assembly
- Completed reload, in  1.572 seconds
Domain Reload Profiling:
	ReloadAssembly (1573ms)
		BeginReloadAssembly (182ms)
			ExecutionOrderSort (0ms)
			DisableScriptedObjects (9ms)
			BackupInstance (0ms)
			ReleaseScriptingObjects (0ms)
			CreateAndSetChildDomain (45ms)
		EndReloadAssembly (1241ms)
			LoadAssemblies (134ms)
			RebuildTransferFunctionScriptingTraits (0ms)
			SetupTypeCache (373ms)
			ReleaseScriptCaches (2ms)
			RebuildScriptCaches (71ms)
			SetupLoadedEditorAssemblies (587ms)
				LogAssemblyErrors (0ms)
				InitializePlatformSupportModulesInManaged (23ms)
				SetLoadedEditorAssemblies (1ms)
				RefreshPlugins (1ms)
				BeforeProcessingInitializeOnLoad (124ms)
				ProcessInitializeOnLoadAttributes (354ms)
				ProcessInitializeOnLoadMethodAttributes (61ms)
				AfterProcessingInitializeOnLoad (23ms)
				EditorAssembliesLoaded (0ms)
			ExecutionOrderSort2 (0ms)
			AwakeInstancesAfterBackupRestoration (18ms)
Platform modules already initialized, skipping
Refreshing native plugins compatible for Editor in 3.96 ms, found 4 plugins.
Preloading 0 native plugins for Editor in 0.00 ms.
Unloading 4102 Unused Serialized files (Serialized files now loaded: 0)
Unloading 31 unused Assets / (195.9 KB). Loaded Objects now: 4613.
Memory consumption went from 157.5 MB to 157.3 MB.
Total: 4.961800 ms (FindLiveObjects: 0.349700 ms CreateObjectMapping: 0.136900 ms MarkObjects: 4.280700 ms  DeleteObjects: 0.193100 ms)

AssetImportParameters requested are different than current active one (requested -> active):
  custom:video-decoder-ogg-theora: a1e56fd34408186e4bbccfd4996cb3dc -> 
  custom:container-muxer-webm: aa71ff27fc2769a1b78a27578f13a17b -> 
  custom:container-demuxer-webm: 4f35f7cbe854078d1ac9338744f61a02 -> 
  custom:video-encoder-webm-vp8: eb34c28f22e8b96e1ab97ce403110664 -> 
  custom:audio-encoder-webm-vorbis: bf7c407c2cedff20999df2af8eb42d56 -> 
  custom:framework-win-MediaFoundation: 216162199b28c13a410421893ffa2e32 -> 
  custom:container-demuxer-ogg: 62fdf1f143b41e24485cea50d1cbac27 -> 
  custom:video-decoder-webm-vp8: 9c59270c3fd7afecdb556c50c9e8de78 -> 
  custom:audio-decoder-ogg-vorbis: bf7c407c2cedff20999df2af8eb42d56 -> 
========================================================================
Received Import Request.
  Time since last request: 46.972965 seconds.
  path: Assets/Assets/Stomper Artwork/PixelArt/Misc
  artifactKey: Guid(6e4f727d8b8ff45fc9fecc480ae51849) Importer(815301076,1909f56bfc062723c751e8b465ee728b)
Start importing Assets/Assets/Stomper Artwork/PixelArt/Misc using Guid(6e4f727d8b8ff45fc9fecc480ae51849) Importer(815301076,1909f56bfc062723c751e8b465ee728b)  -> (artifact id: 'e32d26933ba84b2b33d6f007c2aba7b2') in 0.012459 seconds 
========================================================================
Received Import Request.
  Time since last request: 28.123141 seconds.
  path: Assets/TextMesh Pro
  artifactKey: Guid(f54d1bd14bd3ca042bd867b519fee8cc) Importer(815301076,1909f56bfc062723c751e8b465ee728b)
Start importing Assets/TextMesh Pro using Guid(f54d1bd14bd3ca042bd867b519fee8cc) Importer(815301076,1909f56bfc062723c751e8b465ee728b)  -> (artifact id: 'f5648c5ef36b7beab651a001a8d08867') in 0.006878 seconds 
========================================================================
Received Import Request.
  Time since last request: 2.622960 seconds.
  path: Assets/Yoge/ParallaxBackground 1
  artifactKey: Guid(b3f17850a65c4c941ae413cdf28c243b) Importer(815301076,1909f56bfc062723c751e8b465ee728b)
Start importing Assets/Yoge/ParallaxBackground 1 using Guid(b3f17850a65c4c941ae413cdf28c243b) Importer(815301076,1909f56bfc062723c751e8b465ee728b)  -> (artifact id: '539341f00a297692dc99a7a2f7ba9d27') in 0.007309 seconds 
========================================================================
Received Prepare
Registering precompiled user dll's ...
Registered in 0.006821 seconds.
Begin MonoManager ReloadAssembly
Symbol file LoadedFromMemory doesn't match image S:\Projects\GameJam2D\Library\PackageCache\com.unity.visualscripting@1.8.0\Editor\VisualScripting.Core\Dependencies\YamlDotNet\Unity.VisualScripting.YamlDotNet.dll
Symbol file LoadedFromMemory doesn't match image S:\Projects\GameJam2D\Library\PackageCache\com.unity.visualscripting@1.8.0\Editor\VisualScripting.Core\Dependencies\DotNetZip\Unity.VisualScripting.IonicZip.dll
Native extension for WindowsStandalone target not found
Native extension for WebGL target not found
Refreshing native plugins compatible for Editor in 1.30 ms, found 4 plugins.
Preloading 0 native plugins for Editor in 0.00 ms.
Mono: successfully reloaded assembly
- Completed reload, in  1.484 seconds
Domain Reload Profiling:
	ReloadAssembly (1487ms)
		BeginReloadAssembly (179ms)
			ExecutionOrderSort (0ms)
			DisableScriptedObjects (9ms)
			BackupInstance (0ms)
			ReleaseScriptingObjects (0ms)
			CreateAndSetChildDomain (40ms)
		EndReloadAssembly (1153ms)
			LoadAssemblies (127ms)
			RebuildTransferFunctionScriptingTraits (0ms)
			SetupTypeCache (360ms)
			ReleaseScriptCaches (2ms)
			RebuildScriptCaches (66ms)
			SetupLoadedEditorAssemblies (532ms)
				LogAssemblyErrors (0ms)
				InitializePlatformSupportModulesInManaged (22ms)
				SetLoadedEditorAssemblies (1ms)
				RefreshPlugins (1ms)
				BeforeProcessingInitializeOnLoad (119ms)
				ProcessInitializeOnLoadAttributes (318ms)
				ProcessInitializeOnLoadMethodAttributes (53ms)
				AfterProcessingInitializeOnLoad (17ms)
				EditorAssembliesLoaded (0ms)
			ExecutionOrderSort2 (0ms)
			AwakeInstancesAfterBackupRestoration (19ms)
Platform modules already initialized, skipping
Refreshing native plugins compatible for Editor in 3.01 ms, found 4 plugins.
Preloading 0 native plugins for Editor in 0.00 ms.
Unloading 4102 Unused Serialized files (Serialized files now loaded: 0)
Unloading 31 unused Assets / (195.7 KB). Loaded Objects now: 4616.
Memory consumption went from 157.5 MB to 157.3 MB.
Total: 5.001400 ms (FindLiveObjects: 0.380500 ms CreateObjectMapping: 0.139800 ms MarkObjects: 4.297100 ms  DeleteObjects: 0.182700 ms)

AssetImportParameters requested are different than current active one (requested -> active):
  custom:video-decoder-ogg-theora: a1e56fd34408186e4bbccfd4996cb3dc -> 
  custom:container-muxer-webm: aa71ff27fc2769a1b78a27578f13a17b -> 
  custom:container-demuxer-webm: 4f35f7cbe854078d1ac9338744f61a02 -> 
  custom:video-encoder-webm-vp8: eb34c28f22e8b96e1ab97ce403110664 -> 
  custom:audio-encoder-webm-vorbis: bf7c407c2cedff20999df2af8eb42d56 -> 
  custom:framework-win-MediaFoundation: 216162199b28c13a410421893ffa2e32 -> 
  custom:container-demuxer-ogg: 62fdf1f143b41e24485cea50d1cbac27 -> 
  custom:video-decoder-webm-vp8: 9c59270c3fd7afecdb556c50c9e8de78 -> 
  custom:audio-decoder-ogg-vorbis: bf7c407c2cedff20999df2af8eb42d56 -> 
========================================================================
Received Import Request.
  Time since last request: 1765.725059 seconds.
  path: Assets/Assets/Characters
  artifactKey: Guid(c0eca7cc341e49842b532d684aba095b) Importer(815301076,1909f56bfc062723c751e8b465ee728b)
Start importing Assets/Assets/Characters using Guid(c0eca7cc341e49842b532d684aba095b) Importer(815301076,1909f56bfc062723c751e8b465ee728b)  -> (artifact id: '1991cc03b336c89e0f3d4890f82f4f81') in 0.014071 seconds 
========================================================================
Received Import Request.
  Time since last request: 133.584551 seconds.
  path: Assets/Assets/Characters/Pixel Monster Pack
  artifactKey: Guid(0cf3d01fff34a6e49905c8d34626f722) Importer(815301076,1909f56bfc062723c751e8b465ee728b)
Start importing Assets/Assets/Characters/Pixel Monster Pack using Guid(0cf3d01fff34a6e49905c8d34626f722) Importer(815301076,1909f56bfc062723c751e8b465ee728b)  -> (artifact id: 'c7b4f77e35020d57021d39263c19599c') in 0.006586 seconds 
========================================================================
Received Import Request.
  Time since last request: 0.055576 seconds.
  path: Assets/Assets/Characters/Pixel Monster Pack/sprite-sheet-32x32.png
  artifactKey: Guid(c3a0ffcab94f86043aa02beca70d680b) Importer(815301076,1909f56bfc062723c751e8b465ee728b)
Start importing Assets/Assets/Characters/Pixel Monster Pack/sprite-sheet-32x32.png using Guid(c3a0ffcab94f86043aa02beca70d680b) Importer(815301076,1909f56bfc062723c751e8b465ee728b)  -> (artifact id: '6863cbf793a837b5745c91d7994c316d') in 0.131597 seconds 
========================================================================
Received Import Request.
  Time since last request: 3.246304 seconds.
  path: Assets/Assets/Characters/Pixel Monster Pack/64x64 monsters
  artifactKey: Guid(cec05de769474bc42bad20edd3751030) Importer(815301076,1909f56bfc062723c751e8b465ee728b)
Start importing Assets/Assets/Characters/Pixel Monster Pack/64x64 monsters using Guid(cec05de769474bc42bad20edd3751030) Importer(815301076,1909f56bfc062723c751e8b465ee728b)  -> (artifact id: '17ee01ad9ce73781c21231a054f5ee4c') in 0.006855 seconds 
========================================================================
Received Import Request.
  Time since last request: 0.074627 seconds.
  path: Assets/Assets/Characters/Pixel Monster Pack/64x64 monsters/boneworm-black.png
  artifactKey: Guid(625661522ee466043a902f71d9fc2f00) Importer(815301076,1909f56bfc062723c751e8b465ee728b)
Start importing Assets/Assets/Characters/Pixel Monster Pack/64x64 monsters/boneworm-black.png using Guid(625661522ee466043a902f71d9fc2f00) Importer(815301076,1909f56bfc062723c751e8b465ee728b)  -> (artifact id: '91e8b41b931b6d07c9809ca412a5f9b8') in 0.016850 seconds 
========================================================================
Received Import Request.
  Time since last request: 0.000033 seconds.
  path: Assets/Assets/Characters/Pixel Monster Pack/64x64 monsters/ooze-red.png
  artifactKey: Guid(d74318faccd3cfd4792a285e705fc5c5) Importer(815301076,1909f56bfc062723c751e8b465ee728b)
Start importing Assets/Assets/Characters/Pixel Monster Pack/64x64 monsters/ooze-red.png using Guid(d74318faccd3cfd4792a285e705fc5c5) Importer(815301076,1909f56bfc062723c751e8b465ee728b)  -> (artifact id: '48fda8d07487e35d4cc693e58e402d47') in 0.016917 seconds 
========================================================================
Received Import Request.
  Time since last request: 0.000033 seconds.
  path: Assets/Assets/Characters/Pixel Monster Pack/64x64 monsters/slime-red.png
  artifactKey: Guid(ea2992c51326f4942a14cc6a8a85e063) Importer(815301076,1909f56bfc062723c751e8b465ee728b)
Start importing Assets/Assets/Characters/Pixel Monster Pack/64x64 monsters/slime-red.png using Guid(ea2992c51326f4942a14cc6a8a85e063) Importer(815301076,1909f56bfc062723c751e8b465ee728b)  -> (artifact id: '62935011ac7f650dbd36aece78d64407') in 0.019509 seconds 
========================================================================
Received Import Request.
  Time since last request: 0.000029 seconds.
  path: Assets/Assets/Characters/Pixel Monster Pack/64x64 monsters/cerberus-black.png
  artifactKey: Guid(f37ec6b2772b46c4688e5082489f0d4b) Importer(815301076,1909f56bfc062723c751e8b465ee728b)
Start importing Assets/Assets/Characters/Pixel Monster Pack/64x64 monsters/cerberus-black.png using Guid(f37ec6b2772b46c4688e5082489f0d4b) Importer(815301076,1909f56bfc062723c751e8b465ee728b)  -> (artifact id: '1dfe440c0c9effb2e3b5e8d9e482bf0b') in 0.015262 seconds 
========================================================================
Received Import Request.
  Time since last request: 0.000031 seconds.
  path: Assets/Assets/Characters/Pixel Monster Pack/64x64 monsters/ooze-black.png
  artifactKey: Guid(55f0cfdbe2befee40beec14a5eb18fbc) Importer(815301076,1909f56bfc062723c751e8b465ee728b)
Start importing Assets/Assets/Characters/Pixel Monster Pack/64x64 monsters/ooze-black.png using Guid(55f0cfdbe2befee40beec14a5eb18fbc) Importer(815301076,1909f56bfc062723c751e8b465ee728b)  -> (artifact id: '25987638572754ccd344fb8be71c0a04') in 0.015392 seconds 
========================================================================
Received Import Request.
  Time since last request: 0.000028 seconds.
  path: Assets/Assets/Characters/Pixel Monster Pack/64x64 monsters/cerberus-green.png
  artifactKey: Guid(0bcc33c31d9fbbe46884d6d2a9af9f3a) Importer(815301076,1909f56bfc062723c751e8b465ee728b)
Start importing Assets/Assets/Characters/Pixel Monster Pack/64x64 monsters/cerberus-green.png using Guid(0bcc33c31d9fbbe46884d6d2a9af9f3a) Importer(815301076,1909f56bfc062723c751e8b465ee728b)  -> (artifact id: '27cb2a332f9b74e4449473067f209102') in 0.013996 seconds 
========================================================================
Received Import Request.
  Time since last request: 0.000035 seconds.
  path: Assets/Assets/Characters/Pixel Monster Pack/64x64 monsters/ooze-blue.png
  artifactKey: Guid(f9a60b90a6c0d6a4f86694a503171704) Importer(815301076,1909f56bfc062723c751e8b465ee728b)
Start importing Assets/Assets/Characters/Pixel Monster Pack/64x64 monsters/ooze-blue.png using Guid(f9a60b90a6c0d6a4f86694a503171704) Importer(815301076,1909f56bfc062723c751e8b465ee728b)  -> (artifact id: '3e37cf7315927335a0bb6f8962369bc5') in 0.016489 seconds 
========================================================================
Received Import Request.
  Time since last request: 0.000040 seconds.
  path: Assets/Assets/Characters/Pixel Monster Pack/64x64 monsters/spider-black.png
  artifactKey: Guid(d4ae1438553220b46926edcb4692f03d) Importer(815301076,1909f56bfc062723c751e8b465ee728b)
Start importing Assets/Assets/Characters/Pixel Monster Pack/64x64 monsters/spider-black.png using Guid(d4ae1438553220b46926edcb4692f03d) Importer(815301076,1909f56bfc062723c751e8b465ee728b)  -> (artifact id: '37c02a2658441ab8284deb23c26a9f83') in 0.015684 seconds 
========================================================================
Received Import Request.
  Time since last request: 0.000041 seconds.
  path: Assets/Assets/Characters/Pixel Monster Pack/64x64 monsters/cerberus-white.png
  artifactKey: Guid(c93365b624787b74e81e575b3118f312) Importer(815301076,1909f56bfc062723c751e8b465ee728b)
Start importing Assets/Assets/Characters/Pixel Monster Pack/64x64 monsters/cerberus-white.png using Guid(c93365b624787b74e81e575b3118f312) Importer(815301076,1909f56bfc062723c751e8b465ee728b)  -> (artifact id: 'c170279d46e009a321925c7ae22ea708') in 0.015933 seconds 
========================================================================
Received Import Request.
  Time since last request: 0.000043 seconds.
  path: Assets/Assets/Characters/Pixel Monster Pack/64x64 monsters/rat-brown.png
  artifactKey: Guid(f2aeeb2642ebe5f43af54de7c94996a4) Importer(815301076,1909f56bfc062723c751e8b465ee728b)
Start importing Assets/Assets/Characters/Pixel Monster Pack/64x64 monsters/rat-brown.png using Guid(f2aeeb2642ebe5f43af54de7c94996a4) Importer(815301076,1909f56bfc062723c751e8b465ee728b)  -> (artifact id: '32425f7c9ec95523a96339a696323547') in 0.015506 seconds 
========================================================================
Received Import Request.
  Time since last request: 0.000036 seconds.
  path: Assets/Assets/Characters/Pixel Monster Pack/64x64 monsters/skull-blue.png
  artifactKey: Guid(965bd1a490538104f8b9adf54c9abd19) Importer(815301076,1909f56bfc062723c751e8b465ee728b)
Start importing Assets/Assets/Characters/Pixel Monster Pack/64x64 monsters/skull-blue.png using Guid(965bd1a490538104f8b9adf54c9abd19) Importer(815301076,1909f56bfc062723c751e8b465ee728b)  -> (artifact id: '3dbd26eccc9d2267d368bb50cebbd9a4') in 0.017175 seconds 
========================================================================
Received Import Request.
  Time since last request: 0.000027 seconds.
  path: Assets/Assets/Characters/Pixel Monster Pack/64x64 monsters/boneworm-green.png
  artifactKey: Guid(463e288965617e74f9ee2bf46d98d1e4) Importer(815301076,1909f56bfc062723c751e8b465ee728b)
Start importing Assets/Assets/Characters/Pixel Monster Pack/64x64 monsters/boneworm-green.png using Guid(463e288965617e74f9ee2bf46d98d1e4) Importer(815301076,1909f56bfc062723c751e8b465ee728b)  -> (artifact id: '2c26dea3fca1f2053db71e05b039f76c') in 0.017936 seconds 
========================================================================
Received Import Request.
  Time since last request: 0.000028 seconds.
  path: Assets/Assets/Characters/Pixel Monster Pack/64x64 monsters/ooze-green.png
  artifactKey: Guid(d280dad0830093142b2013dcfee178a7) Importer(815301076,1909f56bfc062723c751e8b465ee728b)
Start importing Assets/Assets/Characters/Pixel Monster Pack/64x64 monsters/ooze-green.png using Guid(d280dad0830093142b2013dcfee178a7) Importer(815301076,1909f56bfc062723c751e8b465ee728b)  -> (artifact id: 'f6f4e4ca5ba82fa517624a8a91477fc0') in 0.020106 seconds 
========================================================================
Received Import Request.
  Time since last request: 0.000024 seconds.
  path: Assets/Assets/Characters/Pixel Monster Pack/64x64 monsters/spider-blue.png
  artifactKey: Guid(8d12af816276c0e48a55b77131695a7e) Importer(815301076,1909f56bfc062723c751e8b465ee728b)
Start importing Assets/Assets/Characters/Pixel Monster Pack/64x64 monsters/spider-blue.png using Guid(8d12af816276c0e48a55b77131695a7e) Importer(815301076,1909f56bfc062723c751e8b465ee728b)  -> (artifact id: '2a79b3d09bff1d8839b5e0fc96526f94') in 0.017430 seconds 
========================================================================
Received Import Request.
  Time since last request: 0.000032 seconds.
  path: Assets/Assets/Characters/Pixel Monster Pack/64x64 monsters/scorpion-white.png
  artifactKey: Guid(3408ca7ca5a2e4e43ad819170cdff141) Importer(815301076,1909f56bfc062723c751e8b465ee728b)
Start importing Assets/Assets/Characters/Pixel Monster Pack/64x64 monsters/scorpion-white.png using Guid(3408ca7ca5a2e4e43ad819170cdff141) Importer(815301076,1909f56bfc062723c751e8b465ee728b)  -> (artifact id: '1ed4e7f4d834867d9730fb56fb116a88') in 0.018854 seconds 
========================================================================
Received Import Request.
  Time since last request: 0.000029 seconds.
  path: Assets/Assets/Characters/Pixel Monster Pack/64x64 monsters/worm-white.png
  artifactKey: Guid(36301e2e5c34b524fbd0d2c8ac6eb76a) Importer(815301076,1909f56bfc062723c751e8b465ee728b)
Start importing Assets/Assets/Characters/Pixel Monster Pack/64x64 monsters/worm-white.png using Guid(36301e2e5c34b524fbd0d2c8ac6eb76a) Importer(815301076,1909f56bfc062723c751e8b465ee728b)  -> (artifact id: 'eada736a70e7dcf8524fd9676f7d691d') in 0.017817 seconds 
========================================================================
Received Import Request.
  Time since last request: 0.000036 seconds.
  path: Assets/Assets/Characters/Pixel Monster Pack/64x64 monsters/slime-black.png
  artifactKey: Guid(a4ec39b1a4fcbee4daa01335aec8ef31) Importer(815301076,1909f56bfc062723c751e8b465ee728b)
Start importing Assets/Assets/Characters/Pixel Monster Pack/64x64 monsters/slime-black.png using Guid(a4ec39b1a4fcbee4daa01335aec8ef31) Importer(815301076,1909f56bfc062723c751e8b465ee728b)  -> (artifact id: '5cfa78dd6d776aa6fa506a70814ef824') in 0.020141 seconds 
========================================================================
Received Import Request.
  Time since last request: 0.000034 seconds.
  path: Assets/Assets/Characters/Pixel Monster Pack/64x64 monsters/spider-white.png
  artifactKey: Guid(e2cf75d62e889a7458bc460a71eb78a4) Importer(815301076,1909f56bfc062723c751e8b465ee728b)
Start importing Assets/Assets/Characters/Pixel Monster Pack/64x64 monsters/spider-white.png using Guid(e2cf75d62e889a7458bc460a71eb78a4) Importer(815301076,1909f56bfc062723c751e8b465ee728b)  -> (artifact id: '52dbb60961a9756698541a6d5051099a') in 0.019284 seconds 
========================================================================
Received Import Request.
  Time since last request: 0.000073 seconds.
  path: Assets/Assets/Characters/Pixel Monster Pack/64x64 monsters/rat-black.png
  artifactKey: Guid(b46b12ff290649c4aa428bce9c66cfbe) Importer(815301076,1909f56bfc062723c751e8b465ee728b)
Start importing Assets/Assets/Characters/Pixel Monster Pack/64x64 monsters/rat-black.png using Guid(b46b12ff290649c4aa428bce9c66cfbe) Importer(815301076,1909f56bfc062723c751e8b465ee728b)  -> (artifact id: 'dfd88da7e2c1dcb625510903b4097686') in 0.020700 seconds 
========================================================================
Received Import Request.
  Time since last request: 0.000046 seconds.
  path: Assets/Assets/Characters/Pixel Monster Pack/64x64 monsters/slime-blue.png
  artifactKey: Guid(d5353d44d082e9048bf757667d3cecab) Importer(815301076,1909f56bfc062723c751e8b465ee728b)
Start importing Assets/Assets/Characters/Pixel Monster Pack/64x64 monsters/slime-blue.png using Guid(d5353d44d082e9048bf757667d3cecab) Importer(815301076,1909f56bfc062723c751e8b465ee728b)  -> (artifact id: 'a3e60c87d7e5ff6418bb2ac27fff9995') in 0.019723 seconds 
========================================================================
Received Import Request.
  Time since last request: 21.101953 seconds.
  path: Assets/Assets/Characters/Pixel Monster Pack/32x32 monsters
  artifactKey: Guid(0535247c1e76dea448c485919d27f9e5) Importer(815301076,1909f56bfc062723c751e8b465ee728b)
Start importing Assets/Assets/Characters/Pixel Monster Pack/32x32 monsters using Guid(0535247c1e76dea448c485919d27f9e5) Importer(815301076,1909f56bfc062723c751e8b465ee728b)  -> (artifact id: 'bd7175e4be5db951bc6eb1f426528f31') in 0.006914 seconds 
========================================================================
Received Import Request.
  Time since last request: 0.043841 seconds.
  path: Assets/Assets/Characters/Pixel Monster Pack/32x32 monsters/boneworm-black.png
  artifactKey: Guid(da88a6bcbf1706a409007e9a0a2949b3) Importer(815301076,1909f56bfc062723c751e8b465ee728b)
Start importing Assets/Assets/Characters/Pixel Monster Pack/32x32 monsters/boneworm-black.png using Guid(da88a6bcbf1706a409007e9a0a2949b3) Importer(815301076,1909f56bfc062723c751e8b465ee728b)  -> (artifact id: '8b267947690b4e3d7e94180cea6ebd99') in 0.014772 seconds 
========================================================================
Received Import Request.
  Time since last request: 0.000029 seconds.
  path: Assets/Assets/Characters/Pixel Monster Pack/32x32 monsters/slime-red.png
  artifactKey: Guid(35a60898747d4194f896b10414831782) Importer(815301076,1909f56bfc062723c751e8b465ee728b)
Start importing Assets/Assets/Characters/Pixel Monster Pack/32x32 monsters/slime-red.png using Guid(35a60898747d4194f896b10414831782) Importer(815301076,1909f56bfc062723c751e8b465ee728b)  -> (artifact id: '276dd56d453395aa833e3b7dc6412ada') in 0.012550 seconds 
========================================================================
Received Import Request.
  Time since last request: 0.000032 seconds.
  path: Assets/Assets/Characters/Pixel Monster Pack/32x32 monsters/skull-red.png
  artifactKey: Guid(7099be8759b55e24bbc19c92b6e92b9b) Importer(815301076,1909f56bfc062723c751e8b465ee728b)
Start importing Assets/Assets/Characters/Pixel Monster Pack/32x32 monsters/skull-red.png using Guid(7099be8759b55e24bbc19c92b6e92b9b) Importer(815301076,1909f56bfc062723c751e8b465ee728b)  -> (artifact id: '35c5051475fd24dc9ce8a1498d2430e8') in 0.012998 seconds 
========================================================================
Received Import Request.
  Time since last request: 0.000030 seconds.
  path: Assets/Assets/Characters/Pixel Monster Pack/32x32 monsters/scorpion-blue.png
  artifactKey: Guid(955d268a076ca604e8c27efd24dbcc0b) Importer(815301076,1909f56bfc062723c751e8b465ee728b)
Start importing Assets/Assets/Characters/Pixel Monster Pack/32x32 monsters/scorpion-blue.png using Guid(955d268a076ca604e8c27efd24dbcc0b) Importer(815301076,1909f56bfc062723c751e8b465ee728b)  -> (artifact id: 'e160abf3ac59d0a46afc7a662513759c') in 0.013153 seconds 
========================================================================
Received Import Request.
  Time since last request: 0.000037 seconds.
  path: Assets/Assets/Characters/Pixel Monster Pack/32x32 monsters/ooze-red.png
  artifactKey: Guid(04562bc13a2407e40ae370dad404125b) Importer(815301076,1909f56bfc062723c751e8b465ee728b)
Start importing Assets/Assets/Characters/Pixel Monster Pack/32x32 monsters/ooze-red.png using Guid(04562bc13a2407e40ae370dad404125b) Importer(815301076,1909f56bfc062723c751e8b465ee728b)  -> (artifact id: '7ee0de9c0ede3d40ee9178a1b5a0e11e') in 0.018299 seconds 
========================================================================
Received Import Request.
  Time since last request: 0.000044 seconds.
  path: Assets/Assets/Characters/Pixel Monster Pack/32x32 monsters/spider-blue.png
  artifactKey: Guid(932812732bbf750488c77d88fde217ac) Importer(815301076,1909f56bfc062723c751e8b465ee728b)
Start importing Assets/Assets/Characters/Pixel Monster Pack/32x32 monsters/spider-blue.png using Guid(932812732bbf750488c77d88fde217ac) Importer(815301076,1909f56bfc062723c751e8b465ee728b)  -> (artifact id: '43e18ed667c38d4060121881ab3bdf31') in 0.018808 seconds 
========================================================================
Received Import Request.
  Time since last request: 0.000027 seconds.
  path: Assets/Assets/Characters/Pixel Monster Pack/32x32 monsters/worm-white.png
  artifactKey: Guid(804ceab9b19850742a982912a38f392a) Importer(815301076,1909f56bfc062723c751e8b465ee728b)
Start importing Assets/Assets/Characters/Pixel Monster Pack/32x32 monsters/worm-white.png using Guid(804ceab9b19850742a982912a38f392a) Importer(815301076,1909f56bfc062723c751e8b465ee728b)  -> (artifact id: 'cc397d3366efc1f2d09ca930c51ef7ca') in 0.015573 seconds 
========================================================================
Received Import Request.
  Time since last request: 0.000042 seconds.
  path: Assets/Assets/Characters/Pixel Monster Pack/32x32 monsters/worm-brown.png
  artifactKey: Guid(d6791f90eb6e2384bb31903865318fcc) Importer(815301076,1909f56bfc062723c751e8b465ee728b)
Start importing Assets/Assets/Characters/Pixel Monster Pack/32x32 monsters/worm-brown.png using Guid(d6791f90eb6e2384bb31903865318fcc) Importer(815301076,1909f56bfc062723c751e8b465ee728b)  -> (artifact id: '2482960e2154f8b7adbc87849c6fd141') in 0.016818 seconds 
========================================================================
Received Import Request.
  Time since last request: 0.000038 seconds.
  path: Assets/Assets/Characters/Pixel Monster Pack/32x32 monsters/ooze-blue.png
  artifactKey: Guid(7e3aab7425bf756429ed8c04b4bd55ce) Importer(815301076,1909f56bfc062723c751e8b465ee728b)
Start importing Assets/Assets/Characters/Pixel Monster Pack/32x32 monsters/ooze-blue.png using Guid(7e3aab7425bf756429ed8c04b4bd55ce) Importer(815301076,1909f56bfc062723c751e8b465ee728b)  -> (artifact id: 'db48eebd4ed7ef0bdee37634eba6bcbb') in 0.018159 seconds 
========================================================================
Received Import Request.
  Time since last request: 0.000032 seconds.
  path: Assets/Assets/Characters/Pixel Monster Pack/32x32 monsters/cerberus-white.png
  artifactKey: Guid(a23a7ced775ab28459e507d5c8cb8482) Importer(815301076,1909f56bfc062723c751e8b465ee728b)
Start importing Assets/Assets/Characters/Pixel Monster Pack/32x32 monsters/cerberus-white.png using Guid(a23a7ced775ab28459e507d5c8cb8482) Importer(815301076,1909f56bfc062723c751e8b465ee728b)  -> (artifact id: '26a501883927b66255139efe13165d90') in 0.016002 seconds 
========================================================================
Received Import Request.
  Time since last request: 0.000035 seconds.
  path: Assets/Assets/Characters/Pixel Monster Pack/32x32 monsters/spider-green.png
  artifactKey: Guid(71476fb161036e84ba514a3767ea7337) Importer(815301076,1909f56bfc062723c751e8b465ee728b)
Start importing Assets/Assets/Characters/Pixel Monster Pack/32x32 monsters/spider-green.png using Guid(71476fb161036e84ba514a3767ea7337) Importer(815301076,1909f56bfc062723c751e8b465ee728b)  -> (artifact id: 'c02241a1949a1f17e631b1fd7c78a1ab') in 0.017314 seconds 
========================================================================
Received Import Request.
  Time since last request: 0.000027 seconds.
  path: Assets/Assets/Characters/Pixel Monster Pack/32x32 monsters/wolf-green.png
  artifactKey: Guid(62eaa2a609276b64c826459c8cc52a9a) Importer(815301076,1909f56bfc062723c751e8b465ee728b)
Start importing Assets/Assets/Characters/Pixel Monster Pack/32x32 monsters/wolf-green.png using Guid(62eaa2a609276b64c826459c8cc52a9a) Importer(815301076,1909f56bfc062723c751e8b465ee728b)  -> (artifact id: '9586a8cf73a43955fcd586253c07598b') in 0.015610 seconds 
========================================================================
Received Import Request.
  Time since last request: 0.000028 seconds.
  path: Assets/Assets/Characters/Pixel Monster Pack/32x32 monsters/wolf-white.png
  artifactKey: Guid(e573449b0ffb8814e84905c16467421e) Importer(815301076,1909f56bfc062723c751e8b465ee728b)
Start importing Assets/Assets/Characters/Pixel Monster Pack/32x32 monsters/wolf-white.png using Guid(e573449b0ffb8814e84905c16467421e) Importer(815301076,1909f56bfc062723c751e8b465ee728b)  -> (artifact id: '66c863ff34a2a171884d21291acff664') in 0.016490 seconds 
========================================================================
Received Import Request.
  Time since last request: 0.000043 seconds.
  path: Assets/Assets/Characters/Pixel Monster Pack/32x32 monsters/spider-white.png
  artifactKey: Guid(545a19dc6097a4547893d22f96f65cd7) Importer(815301076,1909f56bfc062723c751e8b465ee728b)
Start importing Assets/Assets/Characters/Pixel Monster Pack/32x32 monsters/spider-white.png using Guid(545a19dc6097a4547893d22f96f65cd7) Importer(815301076,1909f56bfc062723c751e8b465ee728b)  -> (artifact id: '84dd7f17a46243797b4c0dda65953ec6') in 0.017803 seconds 
========================================================================
Received Prepare
Registering precompiled user dll's ...
Registered in 0.009404 seconds.
Begin MonoManager ReloadAssembly
Symbol file LoadedFromMemory doesn't match image S:\Projects\GameJam2D\Library\PackageCache\com.unity.visualscripting@1.8.0\Editor\VisualScripting.Core\Dependencies\YamlDotNet\Unity.VisualScripting.YamlDotNet.dll
Symbol file LoadedFromMemory doesn't match image S:\Projects\GameJam2D\Library\PackageCache\com.unity.visualscripting@1.8.0\Editor\VisualScripting.Core\Dependencies\DotNetZip\Unity.VisualScripting.IonicZip.dll
Native extension for WindowsStandalone target not found
Native extension for WebGL target not found
Refreshing native plugins compatible for Editor in 1.55 ms, found 4 plugins.
Preloading 0 native plugins for Editor in 0.00 ms.
Mono: successfully reloaded assembly
- Completed reload, in  1.575 seconds
Domain Reload Profiling:
	ReloadAssembly (1576ms)
		BeginReloadAssembly (193ms)
			ExecutionOrderSort (0ms)
			DisableScriptedObjects (9ms)
			BackupInstance (0ms)
			ReleaseScriptingObjects (0ms)
			CreateAndSetChildDomain (49ms)
		EndReloadAssembly (1225ms)
			LoadAssemblies (135ms)
			RebuildTransferFunctionScriptingTraits (0ms)
			SetupTypeCache (369ms)
			ReleaseScriptCaches (2ms)
			RebuildScriptCaches (76ms)
			SetupLoadedEditorAssemblies (571ms)
				LogAssemblyErrors (0ms)
				InitializePlatformSupportModulesInManaged (27ms)
				SetLoadedEditorAssemblies (1ms)
				RefreshPlugins (2ms)
				BeforeProcessingInitializeOnLoad (124ms)
				ProcessInitializeOnLoadAttributes (336ms)
				ProcessInitializeOnLoadMethodAttributes (62ms)
				AfterProcessingInitializeOnLoad (19ms)
				EditorAssembliesLoaded (0ms)
			ExecutionOrderSort2 (0ms)
			AwakeInstancesAfterBackupRestoration (18ms)
Platform modules already initialized, skipping
Refreshing native plugins compatible for Editor in 3.60 ms, found 4 plugins.
Preloading 0 native plugins for Editor in 0.00 ms.
Unloading 4102 Unused Serialized files (Serialized files now loaded: 0)
Unloading 31 unused Assets / (195.9 KB). Loaded Objects now: 4624.
Memory consumption went from 157.6 MB to 157.4 MB.
Total: 5.332000 ms (FindLiveObjects: 0.412100 ms CreateObjectMapping: 0.134600 ms MarkObjects: 4.577200 ms  DeleteObjects: 0.206600 ms)

AssetImportParameters requested are different than current active one (requested -> active):
  custom:video-decoder-ogg-theora: a1e56fd34408186e4bbccfd4996cb3dc -> 
  custom:container-muxer-webm: aa71ff27fc2769a1b78a27578f13a17b -> 
  custom:container-demuxer-webm: 4f35f7cbe854078d1ac9338744f61a02 -> 
  custom:video-encoder-webm-vp8: eb34c28f22e8b96e1ab97ce403110664 -> 
  custom:audio-encoder-webm-vorbis: bf7c407c2cedff20999df2af8eb42d56 -> 
  custom:framework-win-MediaFoundation: 216162199b28c13a410421893ffa2e32 -> 
  custom:container-demuxer-ogg: 62fdf1f143b41e24485cea50d1cbac27 -> 
  custom:video-decoder-webm-vp8: 9c59270c3fd7afecdb556c50c9e8de78 -> 
  custom:audio-decoder-ogg-vorbis: bf7c407c2cedff20999df2af8eb42d56 -> 
Editor requested this worker to shutdown with reason: Scaling down because of idle timeout
AssetImportWorker is now disconnected from the server
Process exiting
Exiting without the bug reporter. Application will terminate with return code 0